###
### Using 'gcc' toolset.
###

E:\4903\boost_1_63_0\tools\build\src\engine>if exist bootstrap rd /S /Q bootstrap 

E:\4903\boost_1_63_0\tools\build\src\engine>md bootstrap 

E:\4903\boost_1_63_0\tools\build\src\engine>gcc -DNT -o bootstrap\jam0.exe  command.c compile.c constants.c debug.c execcmd.c execnt.c filent.c frames.c function.c glob.c hash.c hdrmacro.c headers.c jam.c jambase.c jamgram.c lists.c make.c make1.c object.c option.c output.c parse.c pathnt.c pathsys.c regexp.c rules.c scan.c search.c subst.c timestamp.c variable.c modules.c strings.c filesys.c builtins.c md5.c class.c cwd.c w32_getreg.c native.c modules/set.c modules/path.c modules/regex.c modules/property-set.c modules/sequence.c modules/order.c 

E:\4903\boost_1_63_0\tools\build\src\engine>.\bootstrap\jam0 -f build.jam --toolset=gcc "--toolset-root= "  clean 
...found 1 target...
...updating 1 target...
...updated 1 target...

E:\4903\boost_1_63_0\tools\build\src\engine>.\bootstrap\jam0 -f build.jam --toolset=gcc "--toolset-root= "  
...found 159 targets...
...updating 2 targets...
[COMPILE] bin.ntx86_64\b2.exe
execcmd.c: In function 'onintr':
execcmd.c:120:5: warning: implicit declaration of function 'out_printf' [-Wimplicit-function-declaration]
     out_printf( "...interrupted\n" );
     ^
make.c: In function 'make':
make.c:132:13: warning: implicit declaration of function 'out_printf' [-Wimplicit-function-declaration]
             out_printf( "...found %d target%s...\n", counts->targets,
             ^
filesys.c: In function 'file_archivescan_impl':
filesys.c:360:10: warning: implicit declaration of function 'filelist_empty' [-Wimplicit-function-declaration]
     if ( filelist_empty( archive->members ) )
          ^
modules\path.c: In function 'path_exists':
modules\path.c:16:12: warning: implicit declaration of function 'file_query' [-Wimplicit-function-declaration]
     return file_query( list_front( lol_get( frame->args, 0 ) ) ) ?
            ^
execnt.c: In function 'maxline':
execnt.c:524:12: warning: type defaults to 'int' in declaration of 'result' [-Wimplicit-int]
     static result;
            ^
filent.c: In function 'file_archscan':
filent.c:358:10: warning: implicit declaration of function 'filelist_empty' [-Wimplicit-function-declaration]
     if ( filelist_empty( archive->members ) )
          ^
filent.c:360:14: warning: implicit declaration of function 'file_collect_archive_content_' [-Wimplicit-function-declaration]
         if ( file_collect_archive_content_( archive ) < 0 )
              ^
[COPY] bin.ntx86_64\bjam.exe
...updated 2 targets...

E:\4903\boost_1_63_0\tools\build\src\engine>exit /b 0 
