23:41:22: Creating resource group General
23:41:22: Creating resource group Internal
23:41:22: Creating resource group Autodetect
23:41:22: SceneManagerFactory for type 'DefaultSceneManager' registered.
23:41:22: Registering ResourceManager for type Material
23:41:22: Registering ResourceManager for type Mesh
23:41:22: Registering ResourceManager for type Skeleton
23:41:22: MovableObjectFactory for type 'ParticleSystem' registered.
23:41:22: OverlayElementFactory for type Panel registered.
23:41:22: OverlayElementFactory for type BorderPanel registered.
23:41:22: OverlayElementFactory for type TextArea registered.
23:41:22: Registering ResourceManager for type Font
23:41:22: ArchiveFactory for archive type FileSystem registered.
23:41:22: DDS codec registering
23:41:22: FreeImage version: 3.17.0
23:41:22: This program uses FreeImage, a free, open source image library supporting all common bitmap formats. See http://freeimage.sourceforge.net for details
23:41:22: Supported formats: bmp,ico,jpg,jif,jpeg,jpe,jng,koa,iff,lbm,mng,pbm,pbm,pcd,pcx,pgm,pgm,png,ppm,ppm,ras,tga,targa,tif,tiff,wap,wbmp,wbm,psd,cut,xbm,xpm,gif,hdr,g3,sgi,rgb,rgba,bw,exr,j2k,j2c,jp2,pfm,pct,pict,pic,3fr,arw,bay,bmq,cap,cine,cr2,crw,cs1,dc2,dcr,drf,dsc,dng,erf,fff,ia,iiq,k25,kc2,kdc,mdc,mef,mos,mrw,nef,nrw,orf,pef,ptx,pxn,qtk,raf,raw,rdc,rw2,rwl,rwz,sr2,srf,srw,sti,x3f,webp,jxr,wdp,hdp
23:41:22: Registering ResourceManager for type HighLevelGpuProgram
23:41:22: Registering ResourceManager for type Compositor
23:41:22: MovableObjectFactory for type 'Entity' registered.
23:41:22: MovableObjectFactory for type 'Light' registered.
23:41:22: MovableObjectFactory for type 'BillboardSet' registered.
23:41:22: MovableObjectFactory for type 'ManualObject' registered.
23:41:22: MovableObjectFactory for type 'BillboardChain' registered.
23:41:22: MovableObjectFactory for type 'RibbonTrail' registered.
23:41:22: *-*-* OGRE Initialising
23:41:22: *-*-* Version 1.8.1 (Byatis)
23:41:22: Loading library RenderSystem_GL
23:41:22: Installing plugin: GL RenderSystem
23:41:22: OpenGL Rendering Subsystem created.
23:41:22: Plugin successfully installed
23:41:22: CPU Identifier & Features
23:41:22: -------------------------
23:41:22:  *   CPU ID: GenuineIntel: Intel(R) Core(TM) i5-6200U CPU @ 2.30GHz
23:41:22:  *      SSE: yes
23:41:22:  *     SSE2: yes
23:41:22:  *     SSE3: yes
23:41:22:  *      MMX: yes
23:41:22:  *   MMXEXT: yes
23:41:22:  *    3DNOW: no
23:41:22:  * 3DNOWEXT: no
23:41:22:  *     CMOV: yes
23:41:22:  *      TSC: yes
23:41:22:  *      FPU: yes
23:41:22:  *      PRO: yes
23:41:22:  *       HT: no
23:41:22: -------------------------
23:41:22: *** Starting Win32GL Subsystem ***
23:41:22: Registering ResourceManager for type Texture
23:41:22: GLRenderSystem::_createRenderWindow "Game Engine Programming", 800x600 windowed  miscParams: FSAA=0 FSAAHint= colourDepth=32 displayFrequency=0 gamma=false vsync=false vsyncInterval=1 
23:41:22: Created Win32Window 'Game Engine Programming' : 816x639, 32bpp
23:41:22: GL_VERSION = 4.4.0 - Build 21.20.16.4542
23:41:22: GL_VENDOR = Intel
23:41:22: GL_RENDERER = Intel(R) HD Graphics 520
23:41:22: GL_EXTENSIONS = GL_3DFX_texture_compression_FXT1 GL_AMD_depth_clamp_separate GL_AMD_vertex_shader_layer GL_AMD_vertex_shader_viewport_index GL_ARB_ES2_compatibility GL_ARB_ES3_compatibility GL_ARB_arrays_of_arrays GL_ARB_base_instance GL_ARB_blend_func_extended GL_ARB_buffer_storage GL_ARB_cl_event GL_ARB_clear_buffer_object GL_ARB_clear_texture GL_ARB_clip_control GL_ARB_color_buffer_float GL_ARB_compatibility GL_ARB_compressed_texture_pixel_storage GL_ARB_compute_shader GL_ARB_conservative_depth GL_ARB_copy_buffer GL_ARB_copy_image GL_ARB_debug_output GL_ARB_depth_buffer_float GL_ARB_depth_clamp GL_ARB_depth_texture GL_ARB_derivative_control GL_ARB_draw_buffers GL_ARB_draw_buffers_blend GL_ARB_draw_elements_base_vertex GL_ARB_draw_indirect GL_ARB_draw_instanced GL_ARB_enhanced_layouts GL_ARB_explicit_attrib_location GL_ARB_explicit_uniform_location GL_ARB_fragment_coord_conventions GL_ARB_fragment_layer_viewport GL_ARB_fragment_program GL_ARB_fragment_program_shadow GL_ARB_fragment_shader GL_ARB_fragment_shader_interlock GL_ARB_framebuffer_no_attachments GL_ARB_framebuffer_object GL_ARB_framebuffer_sRGB GL_ARB_geometry_shader4 GL_ARB_get_program_binary GL_ARB_gpu_shader5 GL_ARB_gpu_shader_fp64 GL_ARB_half_float_pixel GL_ARB_half_float_vertex GL_ARB_indirect_parameters GL_ARB_instanced_arrays GL_ARB_internalformat_query GL_ARB_internalformat_query2 GL_ARB_invalidate_subdata GL_ARB_map_buffer_alignment GL_ARB_map_buffer_range GL_ARB_multi_bind GL_ARB_multi_draw_indirect GL_ARB_multisample GL_ARB_multitexture GL_ARB_occlusion_query GL_ARB_occlusion_query2 GL_ARB_pixel_buffer_object GL_ARB_point_parameters GL_ARB_point_sprite GL_ARB_post_depth_coverage GL_ARB_program_interface_query GL_ARB_provoking_vertex GL_ARB_query_buffer_object GL_ARB_robust_buffer_access_behavior GL_ARB_robustness GL_ARB_robustness_isolation GL_ARB_sample_shading GL_ARB_sampler_objects GL_ARB_seamless_cube_map GL_ARB_seamless_cubemap_per_texture GL_ARB_separate_shader_objects GL_ARB_shader_atomic_counters GL_ARB_shader_bit_encoding GL_ARB_shader_image_load_store GL_ARB_shader_image_size GL_ARB_shader_objects GL_ARB_shader_precision GL_ARB_shader_stencil_export GL_ARB_shader_storage_buffer_object GL_ARB_shader_subroutine GL_ARB_shading_language_100 GL_ARB_shading_language_420pack GL_ARB_shading_language_packing GL_ARB_shadow GL_ARB_stencil_texturing GL_ARB_sync GL_ARB_tessellation_shader GL_ARB_texture_barrier GL_ARB_texture_border_clamp GL_ARB_texture_buffer_object_rgb32 GL_ARB_texture_buffer_range GL_ARB_texture_compression GL_ARB_texture_compression_bptc GL_ARB_texture_compression_rgtc GL_ARB_texture_cube_map GL_ARB_texture_cube_map_array GL_ARB_texture_env_add GL_ARB_texture_env_combine GL_ARB_texture_env_crossbar GL_ARB_texture_env_dot3 GL_ARB_texture_float GL_ARB_texture_gather GL_ARB_texture_mirror_clamp_to_edge GL_ARB_texture_mirrored_repeat GL_ARB_texture_multisample GL_ARB_texture_non_power_of_two GL_ARB_texture_query_levels GL_ARB_texture_query_lod GL_ARB_texture_rectangle GL_ARB_texture_rg GL_ARB_texture_rgb10_a2ui GL_ARB_texture_stencil8 GL_ARB_texture_storage GL_ARB_texture_storage_multisample GL_ARB_texture_swizzle GL_ARB_texture_view GL_ARB_timer_query GL_ARB_transform_feedback2 GL_ARB_transform_feedback3 GL_ARB_transform_feedback_instanced GL_ARB_transpose_matrix GL_ARB_uniform_buffer_object GL_ARB_vertex_array_bgra GL_ARB_vertex_array_object GL_ARB_vertex_attrib_64bit GL_ARB_vertex_attrib_binding GL_ARB_vertex_buffer_object GL_ARB_vertex_program GL_ARB_vertex_shader GL_ARB_vertex_type_10f_11f_11f_rev GL_ARB_vertex_type_2_10_10_10_rev GL_ARB_viewport_array GL_ARB_window_pos GL_ATI_separate_stencil GL_EXT_abgr GL_EXT_bgra GL_EXT_blend_color GL_EXT_blend_equation_separate GL_EXT_blend_func_separate GL_EXT_blend_minmax GL_EXT_blend_subtract GL_EXT_clip_volume_hint GL_EXT_compiled_vertex_array GL_EXT_direct_state_access GL_EXT_draw_buffers2 GL_EXT_draw_range_elements GL_EXT_fog_coord GL_EXT_framebuffer_blit GL_EXT_framebuffer_multisample GL_EXT_framebuffer_object GL_EXT_geometry_shader4 GL_EXT_gpu_program_parameters GL_EXT_gpu_shader4 GL_EXT_multi_draw_arrays GL_EXT_packed_depth_stencil GL_EXT_packed_float GL_EXT_packed_pixels GL_EXT_polygon_offset_clamp GL_EXT_rescale_normal GL_EXT_secondary_color GL_EXT_separate_specular_color GL_EXT_shader_framebuffer_fetch GL_EXT_shader_integer_mix GL_EXT_shadow_funcs GL_EXT_stencil_two_side GL_EXT_stencil_wrap GL_EXT_texture3D GL_EXT_texture_array GL_EXT_texture_compression_s3tc GL_EXT_texture_edge_clamp GL_EXT_texture_env_add GL_EXT_texture_env_combine GL_EXT_texture_filter_anisotropic GL_EXT_texture_integer GL_EXT_texture_lod_bias GL_EXT_texture_rectangle GL_EXT_texture_sRGB GL_EXT_texture_sRGB_decode GL_EXT_texture_shared_exponent GL_EXT_texture_snorm GL_EXT_texture_storage GL_EXT_texture_swizzle GL_EXT_timer_query GL_EXT_transform_feedback GL_IBM_texture_mirrored_repeat GL_INTEL_conservative_rasterization GL_INTEL_fragment_shader_ordering GL_INTEL_framebuffer_CMAA GL_INTEL_map_texture GL_INTEL_multi_rate_fragment_shader GL_INTEL_performance_query GL_KHR_blend_equation_advanced GL_KHR_blend_equation_advanced_coherent GL_KHR_debug GL_KHR_texture_compression_astc_hdr GL_KHR_texture_compression_astc_ldr GL_NV_blend_square GL_NV_conditional_render GL_NV_primitive_restart GL_NV_texgen_reflection GL_SGIS_generate_mipmap GL_SGIS_texture_edge_clamp GL_SGIS_texture_lod GL_SUN_multi_draw_arrays GL_WIN_swap_hint
23:41:22: Supported WGL extensions: WGL_EXT_depth_float WGL_ARB_buffer_region WGL_ARB_extensions_string WGL_ARB_make_current_read WGL_ARB_pixel_format WGL_ARB_pbuffer WGL_EXT_extensions_string WGL_EXT_swap_control WGL_EXT_swap_control_tear WGL_ARB_multisample WGL_ARB_pixel_format_float WGL_ARB_framebuffer_sRGB WGL_ARB_create_context WGL_ARB_create_context_profile WGL_EXT_pixel_format_packed_float WGL_EXT_create_context_es_profile WGL_EXT_create_context_es2_profile WGL_NV_DX_interop WGL_INTEL_cl_sharing WGL_NV_DX_interop2 WGL_ARB_create_context_robustness 
23:41:22: ***************************
23:41:22: *** GL Renderer Started ***
23:41:22: ***************************
23:41:22: Registering ResourceManager for type GpuProgram
23:41:22: GLSL support detected
23:41:22: GL: Using GL_EXT_framebuffer_object for rendering to textures (best)
23:41:22: FBO PF_UNKNOWN depth/stencil support: D0S1 D0S4 D0S8 D0S16 D16S0 D16S1 D16S4 D16S8 D16S16 D24S0 D24S1 D24S4 D24S8 D24S16 D32S0 D32S1 D32S4 D32S8 D32S16 Packed-D24S8 
23:41:22: FBO PF_A8 depth/stencil support: D0S0 D0S1 D0S4 D0S8 D0S16 D16S0 D16S1 D16S4 D16S8 D16S16 D24S0 D24S1 D24S4 D24S8 D24S16 D32S0 D32S1 D32S4 D32S8 D32S16 Packed-D24S8 
23:41:22: FBO PF_R5G6B5 depth/stencil support: D0S0 D0S1 D0S4 D0S8 D0S16 D16S0 D16S1 D16S4 D16S8 D16S16 D24S0 D24S1 D24S4 D24S8 D24S16 D32S0 D32S1 D32S4 D32S8 D32S16 Packed-D24S8 
23:41:22: FBO PF_B5G6R5 depth/stencil support: D0S0 D0S1 D0S4 D0S8 D0S16 D16S0 D16S1 D16S4 D16S8 D16S16 D24S0 D24S1 D24S4 D24S8 D24S16 D32S0 D32S1 D32S4 D32S8 D32S16 Packed-D24S8 
23:41:22: FBO PF_A4R4G4B4 depth/stencil support: D0S0 D0S1 D0S4 D0S8 D0S16 D16S0 D16S1 D16S4 D16S8 D16S16 D24S0 D24S1 D24S4 D24S8 D24S16 D32S0 D32S1 D32S4 D32S8 D32S16 Packed-D24S8 
23:41:22: FBO PF_A1R5G5B5 depth/stencil support: D0S0 D0S1 D0S4 D0S8 D0S16 D16S0 D16S1 D16S4 D16S8 D16S16 D24S0 D24S1 D24S4 D24S8 D24S16 D32S0 D32S1 D32S4 D32S8 D32S16 Packed-D24S8 
23:41:22: FBO PF_R8G8B8 depth/stencil support: D0S0 D0S1 D0S4 D0S8 D0S16 D16S0 D16S1 D16S4 D16S8 D16S16 D24S0 D24S1 D24S4 D24S8 D24S16 D32S0 D32S1 D32S4 D32S8 D32S16 Packed-D24S8 
23:41:22: FBO PF_B8G8R8 depth/stencil support: D0S0 D0S1 D0S4 D0S8 D0S16 D16S0 D16S1 D16S4 D16S8 D16S16 D24S0 D24S1 D24S4 D24S8 D24S16 D32S0 D32S1 D32S4 D32S8 D32S16 Packed-D24S8 
23:41:22: FBO PF_A8R8G8B8 depth/stencil support: D0S0 D0S1 D0S4 D0S8 D0S16 D16S0 D16S1 D16S4 D16S8 D16S16 D24S0 D24S1 D24S4 D24S8 D24S16 D32S0 D32S1 D32S4 D32S8 D32S16 Packed-D24S8 
23:41:22: FBO PF_B8G8R8A8 depth/stencil support: D0S0 D0S1 D0S4 D0S8 D0S16 D16S0 D16S1 D16S4 D16S8 D16S16 D24S0 D24S1 D24S4 D24S8 D24S16 D32S0 D32S1 D32S4 D32S8 D32S16 Packed-D24S8 
23:41:22: FBO PF_A2R10G10B10 depth/stencil support: D0S0 D0S1 D0S4 D0S8 D0S16 D16S0 D16S1 D16S4 D16S8 D16S16 D24S0 D24S1 D24S4 D24S8 D24S16 D32S0 D32S1 D32S4 D32S8 D32S16 Packed-D24S8 
23:41:22: FBO PF_A2B10G10R10 depth/stencil support: D0S0 D0S1 D0S4 D0S8 D0S16 D16S0 D16S1 D16S4 D16S8 D16S16 D24S0 D24S1 D24S4 D24S8 D24S16 D32S0 D32S1 D32S4 D32S8 D32S16 Packed-D24S8 
23:41:22: FBO PF_FLOAT16_RGB depth/stencil support: D0S0 D0S1 D0S4 D0S8 D0S16 D16S0 D16S1 D16S4 D16S8 D16S16 D24S0 D24S1 D24S4 D24S8 D24S16 D32S0 D32S1 D32S4 D32S8 D32S16 Packed-D24S8 
23:41:22: FBO PF_FLOAT16_RGBA depth/stencil support: D0S0 D0S1 D0S4 D0S8 D0S16 D16S0 D16S1 D16S4 D16S8 D16S16 D24S0 D24S1 D24S4 D24S8 D24S16 D32S0 D32S1 D32S4 D32S8 D32S16 Packed-D24S8 
23:41:22: FBO PF_FLOAT32_RGB depth/stencil support: D0S0 D0S1 D0S4 D0S8 D0S16 D16S0 D16S1 D16S4 D16S8 D16S16 D24S0 D24S1 D24S4 D24S8 D24S16 D32S0 D32S1 D32S4 D32S8 D32S16 Packed-D24S8 
23:41:22: FBO PF_FLOAT32_RGBA depth/stencil support: D0S0 D0S1 D0S4 D0S8 D0S16 D16S0 D16S1 D16S4 D16S8 D16S16 D24S0 D24S1 D24S4 D24S8 D24S16 D32S0 D32S1 D32S4 D32S8 D32S16 Packed-D24S8 
23:41:22: FBO PF_X8R8G8B8 depth/stencil support: D0S0 D0S1 D0S4 D0S8 D0S16 D16S0 D16S1 D16S4 D16S8 D16S16 D24S0 D24S1 D24S4 D24S8 D24S16 D32S0 D32S1 D32S4 D32S8 D32S16 Packed-D24S8 
23:41:22: FBO PF_X8B8G8R8 depth/stencil support: D0S0 D0S1 D0S4 D0S8 D0S16 D16S0 D16S1 D16S4 D16S8 D16S16 D24S0 D24S1 D24S4 D24S8 D24S16 D32S0 D32S1 D32S4 D32S8 D32S16 Packed-D24S8 
23:41:22: FBO PF_SHORT_RGBA depth/stencil support: D0S0 D0S1 D0S4 D0S8 D0S16 D16S0 D16S1 D16S4 D16S8 D16S16 D24S0 D24S1 D24S4 D24S8 D24S16 D32S0 D32S1 D32S4 D32S8 D32S16 Packed-D24S8 
23:41:22: FBO PF_R3G3B2 depth/stencil support: D0S0 D0S1 D0S4 D0S8 D0S16 D16S0 D16S1 D16S4 D16S8 D16S16 D24S0 D24S1 D24S4 D24S8 D24S16 D32S0 D32S1 D32S4 D32S8 D32S16 Packed-D24S8 
23:41:22: FBO PF_SHORT_RGB depth/stencil support: D0S0 D0S1 D0S4 D0S8 D0S16 D16S0 D16S1 D16S4 D16S8 D16S16 D24S0 D24S1 D24S4 D24S8 D24S16 D32S0 D32S1 D32S4 D32S8 D32S16 Packed-D24S8 
23:41:22: [GL] : Valid FBO targets PF_UNKNOWN PF_A8 PF_R5G6B5 PF_B5G6R5 PF_A4R4G4B4 PF_A1R5G5B5 PF_R8G8B8 PF_B8G8R8 PF_A8R8G8B8 PF_B8G8R8A8 PF_A2R10G10B10 PF_A2B10G10R10 PF_FLOAT16_RGB PF_FLOAT16_RGBA PF_FLOAT32_RGB PF_FLOAT32_RGBA PF_X8R8G8B8 PF_X8B8G8R8 PF_SHORT_RGBA PF_R3G3B2 PF_SHORT_RGB 
23:41:22: RenderSystem capabilities
23:41:22: -------------------------
23:41:22: RenderSystem Name: OpenGL Rendering Subsystem
23:41:22: GPU Vendor: intel
23:41:22: Device Name: Intel(R) HD Graphics 520
23:41:22: Driver Version: 4.4.0.0
23:41:22:  * Fixed function pipeline: yes
23:41:22:  * Hardware generation of mipmaps: no
23:41:22:  * Texture blending: yes
23:41:22:  * Anisotropic texture filtering: yes
23:41:22:  * Dot product texture operation: yes
23:41:22:  * Cube mapping: yes
23:41:22:  * Hardware stencil buffer: yes
23:41:22:    - Stencil depth: 8
23:41:22:    - Two sided stencil support: yes
23:41:22:    - Wrap stencil values: yes
23:41:22:  * Hardware vertex / index buffers: yes
23:41:22:  * Vertex programs: yes
23:41:22:  * Number of floating-point constants for vertex programs: 256
23:41:22:  * Number of integer constants for vertex programs: 0
23:41:22:  * Number of boolean constants for vertex programs: 0
23:41:22:  * Fragment programs: yes
23:41:22:  * Number of floating-point constants for fragment programs: 256
23:41:22:  * Number of integer constants for fragment programs: 0
23:41:22:  * Number of boolean constants for fragment programs: 0
23:41:22:  * Geometry programs: yes
23:41:22:  * Number of floating-point constants for geometry programs: 4096
23:41:22:  * Number of integer constants for geometry programs: 0
23:41:22:  * Number of boolean constants for geometry programs: 0
23:41:22:  * Supported Shader Profiles: arbfp1 arbvp1 glsl gp4gp gpu_gp nvgp4
23:41:22:  * Texture Compression: yes
23:41:22:    - DXT: yes
23:41:22:    - VTC: no
23:41:22:    - PVRTC: no
23:41:22:  * Scissor Rectangle: yes
23:41:22:  * Hardware Occlusion Query: yes
23:41:22:  * User clip planes: yes
23:41:22:  * VET_UBYTE4 vertex element type: yes
23:41:22:  * Infinite far plane projection: yes
23:41:22:  * Hardware render-to-texture: yes
23:41:22:  * Floating point textures: yes
23:41:22:  * Non-power-of-two textures: yes
23:41:22:  * Volume textures: yes
23:41:22:  * Multiple Render Targets: 8
23:41:22:    - With different bit depths: yes
23:41:22:  * Point Sprites: yes
23:41:22:  * Extended point parameters: yes
23:41:22:  * Max Point Size: 255
23:41:22:  * Vertex texture fetch: yes
23:41:22:  * Number of world matrices: 0
23:41:22:  * Number of texture units: 32
23:41:22:  * Stencil buffer depth: 8
23:41:22:  * Number of vertex blend matrices: 0
23:41:22:    - Max vertex textures: 32
23:41:22:    - Vertex textures shared: yes
23:41:22:  * Render to Vertex Buffer : no
23:41:22:  * GL 1.5 without VBO workaround: no
23:41:22:  * Frame Buffer objects: yes
23:41:22:  * Frame Buffer objects (ARB extension): no
23:41:22:  * Frame Buffer objects (ATI extension): no
23:41:22:  * PBuffer support: yes
23:41:22:  * GL 1.5 without HW-occlusion workaround: no
23:41:22:  * Separate shader objects: no
23:41:22: DefaultWorkQueue('Root') initialising on thread 2ac0.
23:41:22: Particle Renderer Type 'billboard' registered
23:41:22: DefaultWorkQueue('Root')::WorkerFunc - thread 264 starting.
23:41:22: DefaultWorkQueue('Root')::WorkerFunc - thread 1ec0 starting.
23:41:22: DefaultWorkQueue('Root')::WorkerFunc - thread 2328 starting.
23:41:22: DefaultWorkQueue('Root')::WorkerFunc - thread 1bcc starting.
23:41:23: Creating resource group Claw Machine
23:41:23: Added resource location './assets/models' of type 'FileSystem' to resource group 'Claw Machine'
23:41:23: Added resource location './assets/materials/scripts' of type 'FileSystem' to resource group 'Claw Machine'
23:41:23: Initialising resource group Claw Machine
23:41:23: Parsing scripts for resource group Claw Machine
23:41:23: Parsing script Arm_Left.material
23:41:23: Parsing script Arm_Right.material
23:41:23: Parsing script Body.material
23:41:23: Parsing script B_E_Left_Ear.material
23:41:23: Parsing script B_E_MainBody.material
23:41:23: Parsing script B_E_Right_Ear.material
23:41:23: Parsing script B_E_Trunk.material
23:41:23: Parsing script E_Left_Ear.material
23:41:23: Parsing script E_MainBody.material
23:41:23: Parsing script E_Right_Ear.material
23:41:23: Parsing script E_Trunk.material
23:41:23: Parsing script E_Tusks.material
23:41:23: Parsing script Logo.material
23:41:23: Parsing script Rod.material
23:41:23: Finished parsing scripts for resource group Claw Machine
23:41:23: Creating resources for group Claw Machine
23:41:23: All done
23:41:23: Loading resource group 'Claw Machine' - Resources: 1 World Geometry: 1
23:41:23: Mesh: Loading Rod.mesh.
23:41:23: Mesh: Loading Body.mesh.
23:41:23: Mesh: Loading Logo.mesh.
23:41:23: Mesh: Loading Arm_Right.mesh.
23:41:23: Mesh: Loading Arm_Left.mesh.
23:41:23: Finished loading resource group Claw Machine
23:41:23: Can't assign material  to SubEntity of Rod because this Material does not exist. Have you forgotten to define it in a .material script?
23:41:23: Can't assign material  to SubEntity of Body because this Material does not exist. Have you forgotten to define it in a .material script?
23:41:23: Can't assign material  to SubEntity of Logo because this Material does not exist. Have you forgotten to define it in a .material script?
23:41:23: Can't assign material  to SubEntity of Arm_Right because this Material does not exist. Have you forgotten to define it in a .material script?
23:41:23: Can't assign material  to SubEntity of Arm_Left because this Material does not exist. Have you forgotten to define it in a .material script?
