11:58:02: Creating resource group General
11:58:02: Creating resource group Internal
11:58:02: Creating resource group Autodetect
11:58:02: Registering ResourceManager for type Mesh
11:58:02: Registering ResourceManager for type Material
11:58:02: Registering ResourceManager for type Skeleton
11:58:02: XMLMeshSerializer reading mesh data from E_Tusks.mesh.xml...
11:58:02: Reading geometry...
11:58:02: Geometry done...
11:58:02: Reading submeshes...
11:58:02: Submeshes done.
11:58:02: XMLMeshSerializer import successful.
11:58:02: Reorganising vertex buffers to automatic layout..
11:58:02: MeshSerializer writing mesh data to stream ...
11:58:02: File header written.
11:58:02: Writing mesh data...
11:58:02: Writing submesh...
11:58:02: Exporting submesh texture aliases...
11:58:02: Submesh texture aliases exported.
11:58:02: Submesh exported.
11:58:02: Exporting bounds information....
11:58:02: Bounds information exported.
11:58:02: Exporting submesh name table...
11:58:02: Submesh name table exported.
11:58:02: Exporting edge lists...
11:58:02: Edge lists exported
11:58:02: Mesh data exported.
11:58:02: MeshSerializer export successful.
11:58:02: Unregistering ResourceManager for type Skeleton
11:58:02: Unregistering ResourceManager for type Material
11:58:02: Unregistering ResourceManager for type Mesh
